<?xml version="1.0" encoding="UTF-8"?>
<!-- Generated by org.testng.reporters.JUnitReportReporter -->
<testsuite hostname="Amritas-MacBook-Air.local" failures="0" tests="1" name="testCases.TC002_LoginTest" time="25.634" errors="0" timestamp="2025-08-18T14:30:40 IST" skipped="0">
  <testcase classname="testCases.TC002_LoginTest" name="testLogin" time="25.634"/>
</testsuite> <!-- testCases.TC002_LoginTest -->
