<?xml version="1.0" encoding="UTF-8"?>
<!-- Generated by org.testng.reporters.JUnitReportReporter -->
<testsuite hostname="Amritas-MacBook-Air.local" failures="0" tests="4" name="testCases.TC003_LoginTestDDT" time="133.185" errors="0" timestamp="2025-08-18T14:30:40 IST" skipped="0">
  <testcase classname="testCases.TC003_LoginTestDDT" name="testLoginDDT" time="34.366"/>
  <testcase classname="testCases.TC003_LoginTestDDT" name="testLoginDDT" time="36.846"/>
  <testcase classname="testCases.TC003_LoginTestDDT" name="testLoginDDT" time="35.451"/>
  <testcase classname="testCases.TC003_LoginTestDDT" name="testLoginDDT" time="26.522"/>
</testsuite> <!-- testCases.TC003_LoginTestDDT -->
